<?xml version="1.0" encoding="UTF-8"?>
<testsuite name="com.sanepidcenter.controller.OrganizationApiControllerTest" tests="1" skipped="0" failures="0" errors="0" timestamp="2026-05-23T19:06:23.614Z" hostname="VITALPC" time="0.015">
  <properties/>
  <testcase name="getByIdCreateUpdateDeleteSearch_ShouldCoverBranches()" classname="com.sanepidcenter.controller.OrganizationApiControllerTest" time="0.014"/>
  <system-out><![CDATA[]]></system-out>
  <system-err><![CDATA[]]></system-err>
</testsuite>
