<?xml version="1.0" encoding="UTF-8"?>
<testsuite name="com.sanepidcenter.controller.ViolationControllerTest" tests="2" skipped="0" failures="0" errors="0" timestamp="2026-05-23T19:06:23.714Z" hostname="VITALPC" time="0.013">
  <properties/>
  <testcase name="listAndView_ShouldPopulateModel()" classname="com.sanepidcenter.controller.ViolationControllerTest" time="0.006"/>
  <testcase name="createUpdateDelete_ShouldHandleSuccessAndError()" classname="com.sanepidcenter.controller.ViolationControllerTest" time="0.005"/>
  <system-out><![CDATA[]]></system-out>
  <system-err><![CDATA[]]></system-err>
</testsuite>
