<?xml version="1.0" encoding="UTF-8"?>
<testsuite name="com.sanepidcenter.config.DataInitializerTest" tests="5" skipped="0" failures="0" errors="0" timestamp="2026-05-23T19:06:19.943Z" hostname="VITALPC" time="1.489">
  <properties/>
  <testcase name="seedInitialData_WhenAdminNeedsUpdate_ShouldSaveAdminOnly()" classname="com.sanepidcenter.config.DataInitializerTest" time="1.42"/>
  <testcase name="seedInitialData_WhenAdminInactiveOrNull_ShouldActivateAndSave()" classname="com.sanepidcenter.config.DataInitializerTest" time="0.01"/>
  <testcase name="seedInitialData_WhenAdminAlreadyValid_ShouldNotSaveAdmin()" classname="com.sanepidcenter.config.DataInitializerTest" time="0.008"/>
  <testcase name="seedInitialData_WhenEmpty_ShouldInsertReferenceDataAndAdmin()" classname="com.sanepidcenter.config.DataInitializerTest" time="0.008"/>
  <testcase name="seedInitialData_WhenAdminRoleInvalid_ShouldUpdateRoleAndSave()" classname="com.sanepidcenter.config.DataInitializerTest" time="0.003"/>
  <system-out><![CDATA[]]></system-out>
  <system-err><![CDATA[WARNING: A Java agent has been loaded dynamically (C:\Users\vital\.gradle\caches\modules-2\files-2.1\net.bytebuddy\byte-buddy-agent\1.14.12\be4984cb6fd1ef1d11f218a648889dfda44b8a15\byte-buddy-agent-1.14.12.jar)
WARNING: If a serviceability tool is in use, please run with -XX:+EnableDynamicAgentLoading to hide this warning
WARNING: If a serviceability tool is not in use, please run with -Djdk.instrument.traceUsage for more information
WARNING: Dynamic loading of agents will be disallowed by default in a future release
]]></system-err>
</testsuite>
