<?xml version="1.0" encoding="UTF-8"?>
<testsuite name="com.sanepidcenter.controller.InspectionControllerTest" tests="3" skipped="0" failures="0" errors="0" timestamp="2026-05-23T19:06:23.548Z" hostname="VITALPC" time="0.063">
  <properties/>
  <testcase name="createUpdateDeletePlanned_ShouldReturnRedirects()" classname="com.sanepidcenter.controller.InspectionControllerTest" time="0.045"/>
  <testcase name="listInspections_UsesSearchSortAndModelDefaults()" classname="com.sanepidcenter.controller.InspectionControllerTest" time="0.004"/>
  <testcase name="viewAndEdit_ShouldHandlePresentAndMissing()" classname="com.sanepidcenter.controller.InspectionControllerTest" time="0.011"/>
  <system-out><![CDATA[]]></system-out>
  <system-err><![CDATA[]]></system-err>
</testsuite>
