<?xml version="1.0" encoding="UTF-8"?>
<testsuite name="com.sanepidcenter.service.ViolationServiceTest" tests="6" skipped="0" failures="0" errors="0" timestamp="2026-05-23T19:06:24.609Z" hostname="VITALPC" time="0.02">
  <properties/>
  <testcase name="updateViolation_MarkResolved_ShouldSetDeadlineAndPersist()" classname="com.sanepidcenter.service.ViolationServiceTest" time="0.003"/>
  <testcase name="sortViolations_ByInspectionAscending_ShouldSortByOrganizationName()" classname="com.sanepidcenter.service.ViolationServiceTest" time="0.003"/>
  <testcase name="createViolation_WhenInspectionExists_ShouldSave()" classname="com.sanepidcenter.service.ViolationServiceTest" time="0.002"/>
  <testcase name="sortViolations_ByStatusDescending_ShouldSort()" classname="com.sanepidcenter.service.ViolationServiceTest" time="0.002"/>
  <testcase name="deleteViolation_WhenMissing_ShouldThrow()" classname="com.sanepidcenter.service.ViolationServiceTest" time="0.002"/>
  <testcase name="createViolation_WhenInspectionNotFound_ShouldThrow()" classname="com.sanepidcenter.service.ViolationServiceTest" time="0.003"/>
  <system-out><![CDATA[]]></system-out>
  <system-err><![CDATA[]]></system-err>
</testsuite>
