<?xml version="1.0" encoding="UTF-8"?>
<testsuite name="com.sanepidcenter.config.WebAndSocketConfigTest" tests="2" skipped="0" failures="0" errors="0" timestamp="2026-05-23T19:06:22.773Z" hostname="VITALPC" time="0.395">
  <properties/>
  <testcase name="socketAndOpenApiConfig_ShouldBeConstructible()" classname="com.sanepidcenter.config.WebAndSocketConfigTest" time="0.184"/>
  <testcase name="webConfig_ShouldInvokeRegistryMethods()" classname="com.sanepidcenter.config.WebAndSocketConfigTest" time="0.209"/>
  <system-out><![CDATA[]]></system-out>
  <system-err><![CDATA[]]></system-err>
</testsuite>
