<?xml version="1.0" encoding="UTF-8"?>
<testsuite name="com.sanepidcenter.security.JwtTokenUtilTest" tests="2" skipped="0" failures="0" errors="0" timestamp="2026-05-23T19:06:23.875Z" hostname="VITALPC" time="0.658">
  <properties/>
  <testcase name="generateToken_ShouldStoreNormalizedRole()" classname="com.sanepidcenter.security.JwtTokenUtilTest" time="0.656"/>
  <testcase name="normalizeRole_ShouldHandleRawAndPrefixedRoles()" classname="com.sanepidcenter.security.JwtTokenUtilTest" time="0.0"/>
  <system-out><![CDATA[]]></system-out>
  <system-err><![CDATA[]]></system-err>
</testsuite>
