<?xml version="1.0" encoding="UTF-8"?>
<testsuite name="com.sanepidcenter.controller.HomeAndAuthControllerTest" tests="2" skipped="0" failures="0" errors="0" timestamp="2026-05-23T19:06:23.487Z" hostname="VITALPC" time="0.004">
  <properties/>
  <testcase name="home_ShouldReturnIndexView()" classname="com.sanepidcenter.controller.HomeAndAuthControllerTest" time="0.002"/>
  <testcase name="authPages_ShouldReturnTemplateNames()" classname="com.sanepidcenter.controller.HomeAndAuthControllerTest" time="0.001"/>
  <system-out><![CDATA[]]></system-out>
  <system-err><![CDATA[]]></system-err>
</testsuite>
