<?xml version="1.0" encoding="UTF-8"?>
<testsuite name="com.sanepidcenter.security.AuthControllerTest" tests="2" skipped="0" failures="0" errors="0" timestamp="2026-05-23T19:06:23.752Z" hostname="VITALPC" time="0.04">
  <properties/>
  <testcase name="register_ShouldHandleDuplicateAndSuccess()" classname="com.sanepidcenter.security.AuthControllerTest" time="0.027"/>
  <testcase name="loginAndMe_ShouldReturnBadRequestWhenAuthFails_And401WhenNoUser()" classname="com.sanepidcenter.security.AuthControllerTest" time="0.011"/>
  <system-out><![CDATA[]]></system-out>
  <system-err><![CDATA[]]></system-err>
</testsuite>
