<?xml version="1.0" encoding="UTF-8"?>
<testsuite name="com.sanepidcenter.service.ProfileServiceTest" tests="4" skipped="0" failures="0" errors="0" timestamp="2026-05-23T19:06:24.597Z" hostname="VITALPC" time="0.01">
  <properties/>
  <testcase name="createProfile_ShouldEncodePasswordAndPersist()" classname="com.sanepidcenter.service.ProfileServiceTest" time="0.003"/>
  <testcase name="getProfileById_WhenMissing_ShouldReturnNull()" classname="com.sanepidcenter.service.ProfileServiceTest" time="0.002"/>
  <testcase name="updateProfile_WhenExists_ShouldUpdateFields()" classname="com.sanepidcenter.service.ProfileServiceTest" time="0.003"/>
  <testcase name="getAllProfiles_ShouldMapEntities()" classname="com.sanepidcenter.service.ProfileServiceTest" time="0.002"/>
  <system-out><![CDATA[]]></system-out>
  <system-err><![CDATA[]]></system-err>
</testsuite>
